<?xml version="1.0" encoding="UTF-8"?>
<!-- Generated by org.testng.reporters.JUnitXMLReporter -->
<testsuite ignored="0" hostname="fleajion" failures="0" tests="18" name="Advanced API Tests" time="124.609" errors="0" timestamp="2025-12-24T23:53:17 GMT+07:00">
  <testcase classname="com.pratikum.rest.tests.AdvancedAPITests" name="testCreateUserWithEmptyBody" time="0.349"/>
  <testcase classname="com.pratikum.rest.tests.AdvancedAPITests" name="testCreateUserWithFakerJson" time="2.692"/>
  <testcase classname="com.pratikum.rest.tests.AdvancedAPITests" name="testCreateUserWithHashMap" time="1.42"/>
  <testcase classname="com.pratikum.rest.tests.AdvancedAPITests" name="testCreateUserWithInvalidJSON" time="27.398"/>
  <testcase classname="com.pratikum.rest.tests.AdvancedAPITests" name="testCreateUserWithNullValues" time="0.723"/>
  <testcase classname="com.pratikum.rest.tests.AdvancedAPITests" name="testCreateUserWithVeryLongName" time="0.351"/>
  <testcase classname="com.pratikum.rest.tests.AdvancedAPITests" name="testDataDrivenWithFaker" time="4.106"/>
  <testcase classname="com.pratikum.rest.tests.AdvancedAPITests" name="testGetPostsForUser" time="2.017"/>
  <testcase classname="com.pratikum.rest.tests.AdvancedAPITests" name="testGetUserWithInvalidId" time="0.291"/>
  <testcase classname="com.pratikum.rest.tests.AdvancedAPITests" name="testMultipleUsersWithDataProvider" time="1.093"/>
  <testcase classname="com.pratikum.rest.tests.AdvancedAPITests" name="testMultipleUsersWithDataProvider" time="16.578"/>
  <testcase classname="com.pratikum.rest.tests.AdvancedAPITests" name="testMultipleUsersWithDataProvider" time="0.37"/>
  <testcase classname="com.pratikum.rest.tests.AdvancedAPITests" name="testMultipleUsersWithDataProvider" time="63.729"/>
  <testcase classname="com.pratikum.rest.tests.AdvancedAPITests" name="testMultipleUsersWithDataProvider" time="0.604"/>
  <testcase classname="com.pratikum.rest.tests.AdvancedAPITests" name="testPaginationFunctionality" time="0.958"/>
  <testcase classname="com.pratikum.rest.tests.AdvancedAPITests" name="testResponseHeadersValidation" time="0.562"/>
  <testcase classname="com.pratikum.rest.tests.AdvancedAPITests" name="testResponseTimePerformance" time="0.605"/>
  <testcase classname="com.pratikum.rest.tests.AdvancedAPITests" name="testUpdateUserWithPartialData" time="0.69"/>
</testsuite> <!-- Advanced API Tests -->
