<?xml version="1.0" encoding="UTF-8"?>
<!-- Generated by org.testng.reporters.JUnitXMLReporter -->
<testsuite ignored="0" hostname="fleajion" failures="0" tests="6" name="Authentication Tests - ReqRes" time="4.654" errors="0" timestamp="2025-12-24T23:51:12 GMT+07:00">
  <testcase classname="com.pratikum.rest.tests.AuthenticationTests" name="testCreatePostWithoutAuth" time="0.365"/>
  <testcase classname="com.pratikum.rest.tests.AuthenticationTests" name="testFailedAuthenticationMock" time="0.106"/>
  <testcase classname="com.pratikum.rest.tests.AuthenticationTests" name="testRegResAPIAvailability" time="0.125"/>
  <testcase classname="com.pratikum.rest.tests.AuthenticationTests" name="testResponseHeaders" time="2.249"/>
  <testcase classname="com.pratikum.rest.tests.AuthenticationTests" name="testSuccessfulLoginMock" time="0.131"/>
  <testcase classname="com.pratikum.rest.tests.AuthenticationTests" name="testWithMalformedData" time="1.671"/>
</testsuite> <!-- Authentication Tests - ReqRes -->
