<?xml version="1.0" encoding="UTF-8"?>
<!-- Generated by org.testng.reporters.JUnitXMLReporter -->
<testsuite ignored="0" hostname="fleajion" failures="0" tests="7" name="Faker Data Tests" time="6.806" errors="0" timestamp="2025-12-24T23:53:24 GMT+07:00">
  <testcase classname="com.pratikum.rest.tests.FakerDataTests" name="testCreateMultipleUsersWithFaker" time="1.348"/>
  <testcase classname="com.pratikum.rest.tests.FakerDataTests" name="testCreateUserWithAddress" time="0.681"/>
  <testcase classname="com.pratikum.rest.tests.FakerDataTests" name="testCreateUserWithCompanyData" time="0.708"/>
  <testcase classname="com.pratikum.rest.tests.FakerDataTests" name="testCreateUserWithFakerData" time="0.686"/>
  <testcase classname="com.pratikum.rest.tests.FakerDataTests" name="testCreateUserWithIndonesianData" time="0.705"/>
  <testcase classname="com.pratikum.rest.tests.FakerDataTests" name="testCreateUserWithValidData" time="0.702"/>
  <testcase classname="com.pratikum.rest.tests.FakerDataTests" name="testDataVariationWithFaker" time="1.959"/>
</testsuite> <!-- Faker Data Tests -->
