<?xml version="1.0" encoding="UTF-8"?>
<!-- Generated by org.testng.reporters.JUnitXMLReporter -->
<testsuite ignored="0" hostname="fleajion" failures="0" tests="6" name="User API Tests - JSONPlaceholder" time="6.734" errors="0" timestamp="2025-12-24T23:51:08 GMT+07:00">
  <testcase classname="com.pratikum.rest.tests.UserAPITests" name="testCreateUser" time="2.698"/>
  <testcase classname="com.pratikum.rest.tests.UserAPITests" name="testDeleteUser" time="1.253"/>
  <testcase classname="com.pratikum.rest.tests.UserAPITests" name="testGetAllUsers" time="0.36"/>
  <testcase classname="com.pratikum.rest.tests.UserAPITests" name="testGetUserById" time="0.303"/>
  <testcase classname="com.pratikum.rest.tests.UserAPITests" name="testGetUserNotFound" time="0.115"/>
  <testcase classname="com.pratikum.rest.tests.UserAPITests" name="testUpdateUser" time="1.652"/>
</testsuite> <!-- User API Tests - JSONPlaceholder -->
