<?xml version="1.0" encoding="UTF-8"?>
<!-- Generated by org.testng.reporters.JUnitReportReporter -->
<testsuite hostname="fleajion" failures="0" tests="18" name="com.pratikum.rest.tests.AdvancedAPITests" time="124.588" errors="0" timestamp="2025-12-24T23:53:24 GMT+07:00" skipped="0">
  <testcase classname="com.pratikum.rest.tests.AdvancedAPITests" name="testCreateUserWithEmptyBody" time="0.350"/>
  <testcase classname="com.pratikum.rest.tests.AdvancedAPITests" name="testCreateUserWithNullValues" time="0.725"/>
  <testcase classname="com.pratikum.rest.tests.AdvancedAPITests" name="testResponseTimePerformance" time="0.606"/>
  <testcase classname="com.pratikum.rest.tests.AdvancedAPITests" name="testMultipleUsersWithDataProvider" time="63.730"/>
  <testcase classname="com.pratikum.rest.tests.AdvancedAPITests" name="testUpdateUserWithPartialData" time="0.693"/>
  <testcase classname="com.pratikum.rest.tests.AdvancedAPITests" name="testCreateUserWithInvalidJSON" time="27.401"/>
  <testcase classname="com.pratikum.rest.tests.AdvancedAPITests" name="testDataDrivenWithFaker" time="4.109"/>
  <testcase classname="com.pratikum.rest.tests.AdvancedAPITests" name="testCreateUserWithHashMap" time="1.421"/>
  <testcase classname="com.pratikum.rest.tests.AdvancedAPITests" name="testMultipleUsersWithDataProvider" time="0.371"/>
  <testcase classname="com.pratikum.rest.tests.AdvancedAPITests" name="testResponseHeadersValidation" time="0.564"/>
  <testcase classname="com.pratikum.rest.tests.AdvancedAPITests" name="testMultipleUsersWithDataProvider" time="0.605"/>
  <testcase classname="com.pratikum.rest.tests.AdvancedAPITests" name="testCreateUserWithVeryLongName" time="0.352"/>
  <testcase classname="com.pratikum.rest.tests.AdvancedAPITests" name="testGetUserWithInvalidId" time="0.315"/>
  <testcase classname="com.pratikum.rest.tests.AdvancedAPITests" name="testCreateUserWithFakerJson" time="2.693"/>
  <testcase classname="com.pratikum.rest.tests.AdvancedAPITests" name="testMultipleUsersWithDataProvider" time="1.095"/>
  <testcase classname="com.pratikum.rest.tests.AdvancedAPITests" name="testPaginationFunctionality" time="0.959"/>
  <testcase classname="com.pratikum.rest.tests.AdvancedAPITests" name="testMultipleUsersWithDataProvider" time="16.581"/>
  <testcase classname="com.pratikum.rest.tests.AdvancedAPITests" name="testGetPostsForUser" time="2.018"/>
</testsuite> <!-- com.pratikum.rest.tests.AdvancedAPITests -->
