<?xml version="1.0" encoding="UTF-8"?>
<!-- Generated by org.testng.reporters.JUnitReportReporter -->
<testsuite hostname="fleajion" failures="0" tests="6" name="com.pratikum.rest.tests.AuthenticationTests" time="4.647" errors="0" timestamp="2025-12-24T23:53:24 GMT+07:00" skipped="0">
  <testcase classname="com.pratikum.rest.tests.AuthenticationTests" name="testRegResAPIAvailability" time="0.125"/>
  <testcase classname="com.pratikum.rest.tests.AuthenticationTests" name="testFailedAuthenticationMock" time="0.106"/>
  <testcase classname="com.pratikum.rest.tests.AuthenticationTests" name="testCreatePostWithoutAuth" time="0.365"/>
  <testcase classname="com.pratikum.rest.tests.AuthenticationTests" name="testResponseHeaders" time="2.249"/>
  <testcase classname="com.pratikum.rest.tests.AuthenticationTests" name="testSuccessfulLoginMock" time="0.131"/>
  <testcase classname="com.pratikum.rest.tests.AuthenticationTests" name="testWithMalformedData" time="1.671"/>
</testsuite> <!-- com.pratikum.rest.tests.AuthenticationTests -->
