<?xml version="1.0" encoding="UTF-8"?>
<!-- Generated by org.testng.reporters.JUnitReportReporter -->
<testsuite hostname="fleajion" failures="0" tests="7" name="com.pratikum.rest.tests.FakerDataTests" time="6.800" errors="0" timestamp="2025-12-24T23:53:24 GMT+07:00" skipped="0">
  <testcase classname="com.pratikum.rest.tests.FakerDataTests" name="testCreateUserWithFakerData" time="0.688"/>
  <testcase classname="com.pratikum.rest.tests.FakerDataTests" name="testCreateUserWithCompanyData" time="0.710"/>
  <testcase classname="com.pratikum.rest.tests.FakerDataTests" name="testCreateMultipleUsersWithFaker" time="1.350"/>
  <testcase classname="com.pratikum.rest.tests.FakerDataTests" name="testCreateUserWithValidData" time="0.703"/>
  <testcase classname="com.pratikum.rest.tests.FakerDataTests" name="testCreateUserWithIndonesianData" time="0.706"/>
  <testcase classname="com.pratikum.rest.tests.FakerDataTests" name="testCreateUserWithAddress" time="0.683"/>
  <testcase classname="com.pratikum.rest.tests.FakerDataTests" name="testDataVariationWithFaker" time="1.960"/>
</testsuite> <!-- com.pratikum.rest.tests.FakerDataTests -->
