<?xml version="1.0" encoding="UTF-8"?>
<!-- Generated by org.testng.reporters.JUnitReportReporter -->
<testsuite hostname="fleajion" failures="0" tests="6" name="com.pratikum.rest.tests.UserAPITests" time="6.690" errors="0" timestamp="2025-12-24T23:53:24 GMT+07:00" skipped="0">
  <testcase classname="com.pratikum.rest.tests.UserAPITests" name="testCreateUser" time="2.698"/>
  <testcase classname="com.pratikum.rest.tests.UserAPITests" name="testGetAllUsers" time="0.360"/>
  <testcase classname="com.pratikum.rest.tests.UserAPITests" name="testDeleteUser" time="1.253"/>
  <testcase classname="com.pratikum.rest.tests.UserAPITests" name="testUpdateUser" time="1.652"/>
  <testcase classname="com.pratikum.rest.tests.UserAPITests" name="testGetUserById" time="0.611"/>
  <testcase classname="com.pratikum.rest.tests.UserAPITests" name="testGetUserNotFound" time="0.116"/>
</testsuite> <!-- com.pratikum.rest.tests.UserAPITests -->
