<?xml version="1.0" encoding="UTF-8"?>
<!-- Generated by org.testng.reporters.JUnitXMLReporter -->
<testsuite ignored="0" hostname="fleajion" failures="0" tests="24" name="Surefire test" time="19.816" errors="0" timestamp="2025-12-24T23:34:25 GMT+07:00">
  <testcase classname="com.pratikum.rest.tests.AdvancedAPITests" name="testCreateUserWithEmptyBody" time="1.786"/>
  <testcase classname="com.pratikum.rest.tests.AdvancedAPITests" name="testCreateUserWithFakerJson" time="1.352"/>
  <testcase classname="com.pratikum.rest.tests.AdvancedAPITests" name="testCreateUserWithHashMap" time="0.922"/>
  <testcase classname="com.pratikum.rest.tests.AdvancedAPITests" name="testCreateUserWithInvalidJSON" time="1.044"/>
  <testcase classname="com.pratikum.rest.tests.AdvancedAPITests" name="testCreateUserWithNullValues" time="0.898"/>
  <testcase classname="com.pratikum.rest.tests.AdvancedAPITests" name="testCreateUserWithVeryLongName" time="0.669"/>
  <testcase classname="com.pratikum.rest.tests.AdvancedAPITests" name="testDataDrivenWithFaker" time="1.355"/>
  <testcase classname="com.pratikum.rest.tests.AdvancedAPITests" name="testGetPostsForUser" time="0.673"/>
  <testcase classname="com.pratikum.rest.tests.AdvancedAPITests" name="testGetUserWithInvalidId" time="0.859"/>
  <testcase classname="com.pratikum.rest.tests.AdvancedAPITests" name="testMultipleUsersWithDataProvider" time="0.611"/>
  <testcase classname="com.pratikum.rest.tests.AdvancedAPITests" name="testMultipleUsersWithDataProvider" time="0.579"/>
  <testcase classname="com.pratikum.rest.tests.AdvancedAPITests" name="testMultipleUsersWithDataProvider" time="0.597"/>
  <testcase classname="com.pratikum.rest.tests.AdvancedAPITests" name="testMultipleUsersWithDataProvider" time="0.602"/>
  <testcase classname="com.pratikum.rest.tests.AdvancedAPITests" name="testMultipleUsersWithDataProvider" time="0.6"/>
  <testcase classname="com.pratikum.rest.tests.AdvancedAPITests" name="testPaginationFunctionality" time="0.591"/>
  <testcase classname="com.pratikum.rest.tests.AdvancedAPITests" name="testResponseHeadersValidation" time="0.568"/>
  <testcase classname="com.pratikum.rest.tests.AdvancedAPITests" name="testResponseTimePerformance" time="0.562"/>
  <testcase classname="com.pratikum.rest.tests.AdvancedAPITests" name="testUpdateUserWithPartialData" time="0.677"/>
  <testcase classname="com.pratikum.rest.tests.UserAPITests" name="testCreateUser" time="0.683"/>
  <testcase classname="com.pratikum.rest.tests.UserAPITests" name="testDeleteUser" time="0.64"/>
  <testcase classname="com.pratikum.rest.tests.UserAPITests" name="testGetAllUsers" time="0.595"/>
  <testcase classname="com.pratikum.rest.tests.UserAPITests" name="testGetUserById" time="0.607"/>
  <testcase classname="com.pratikum.rest.tests.UserAPITests" name="testGetUserNotFound" time="0.838"/>
  <testcase classname="com.pratikum.rest.tests.UserAPITests" name="testUpdateUser" time="0.689"/>
</testsuite> <!-- Surefire test -->
