<?xml version="1.0" encoding="UTF-8"?>
<testsuite xmlns:xsi="http://www.w3.org/2001/XMLSchema-instance" xsi:noNamespaceSchemaLocation="https://maven.apache.org/surefire/maven-surefire-plugin/xsd/surefire-test-report-3.0.xsd" version="3.0" name="com.pratikum.rest.tests.UserAPITests" time="6.816" tests="6" errors="0" skipped="0" failures="0">
  <properties>
[...]
</properties>
  <testcase name="testCreateUser" classname="com.pratikum.rest.tests.UserAPITests" time="2.315"/>
  <testcase name="testDeleteUser" classname="com.pratikum.rest.tests.UserAPITests" time="1.176"/>
  <testcase name="testGetAllUsers" classname="com.pratikum.rest.tests.UserAPITests" time="0.573"/>
  <testcase name="testGetUserById" classname="com.pratikum.rest.tests.UserAPITests" time="0.153"/>
  <testcase name="testGetUserNotFound" classname="com.pratikum.rest.tests.UserAPITests" time="0.531"/>
  <testcase name="testUpdateUser" classname="com.pratikum.rest.tests.UserAPITests" time="1.207"/>
</testsuite>